<?xml version="1.0" encoding="UTF-8"?>
<!-- Generated by org.testng.reporters.JUnitReportReporter -->
<testsuite skipped="0" hostname="DESKTOP-8MU82DS" name="NewTest" tests="1" failures="0" timestamp="02 九月 2017 14:25:50 GMT" time="0.031" errors="0">
  <testcase name="test" time="0.031" classname="NewTest"/>
</testsuite> <!-- NewTest -->
