<?xml version="1.0" encoding="UTF-8"?>
<!-- Generated by org.testng.reporters.JUnitReportReporter -->
<testsuite skipped="0" hostname="DESKTOP-8MU82DS" name="testing1.testng1" tests="1" failures="0" timestamp="23 四月 2017 00:40:52 GMT" time="0.028" errors="0">
  <testcase name="day1" time="0.028" classname="testing1.testng1"/>
</testsuite> <!-- testing1.testng1 -->
