<?xml version="1.0" encoding="UTF-8"?>
<!-- Generated by org.testng.reporters.JUnitReportReporter -->
<testsuite skipped="0" hostname="DESKTOP-8MU82DS" name="testing1.lxm1Test" tests="1" failures="0" timestamp="21 四月 2017 14:31:51 GMT" time="0.019" errors="0">
  <testcase name="f" time="0.019" classname="testing1.lxm1Test"/>
</testsuite> <!-- testing1.lxm1Test -->
